<?xml version="1.0" encoding="UTF-8"?>
<!-- Generated by org.testng.reporters.JUnitReportReporter -->
<testsuite hostname="Anm7a" failures="0" tests="1" name="testCases.Account_Registration_TC001" time="17.946" errors="0" timestamp="2025-10-04T21:55:57 IST" skipped="0">
  <testcase classname="testCases.Account_Registration_TC001" name="verify_account_registration_TC001" time="17.946"/>
</testsuite> <!-- testCases.Account_Registration_TC001 -->
